[debug] [2021-03-30T08:16:16.761Z] ----------------------------------------------------------------------
[debug] [2021-03-30T08:16:16.765Z] Command:       /usr/local/bin/node /usr/local/bin/firebase deploy
[debug] [2021-03-30T08:16:16.765Z] CLI Version:   8.15.1
[debug] [2021-03-30T08:16:16.766Z] Platform:      darwin
[debug] [2021-03-30T08:16:16.766Z] Node Version:  v10.14.2
[debug] [2021-03-30T08:16:16.767Z] Time:          Tue Mar 30 2021 09:16:16 GMT+0100 (West Africa Standard Time)
[debug] [2021-03-30T08:16:16.767Z] ----------------------------------------------------------------------
[debug] [2021-03-30T08:16:16.767Z] 
[debug] [2021-03-30T08:16:16.781Z] > command requires scopes: ["email","openid","https://www.googleapis.com/auth/cloudplatformprojects.readonly","https://www.googleapis.com/auth/firebase","https://www.googleapis.com/auth/cloud-platform"]
[debug] [2021-03-30T08:16:16.782Z] > authorizing via signed-in user
[debug] [2021-03-30T08:16:16.782Z] [iam] checking project ib-resume for permissions ["firebase.projects.get","firebasehosting.sites.update"]
[debug] [2021-03-30T08:16:16.786Z] >>> HTTP REQUEST POST https://cloudresourcemanager.googleapis.com/v1/projects/ib-resume:testIamPermissions  
 {"permissions":["firebase.projects.get","firebasehosting.sites.update"]}
[debug] [2021-03-30T08:16:18.437Z] <<< HTTP RESPONSE 200 {"content-type":"application/json; charset=UTF-8","vary":"X-Origin, Referer, Origin,Accept-Encoding","date":"Tue, 30 Mar 2021 08:16:18 GMT","server":"ESF","cache-control":"private","x-xss-protection":"0","x-frame-options":"SAMEORIGIN","x-content-type-options":"nosniff","server-timing":"gfet4t7; dur=1087","alt-svc":"h3-29=\":443\"; ma=2592000,h3-T051=\":443\"; ma=2592000,h3-Q050=\":443\"; ma=2592000,h3-Q046=\":443\"; ma=2592000,h3-Q043=\":443\"; ma=2592000,quic=\":443\"; ma=2592000; v=\"46,43\"","accept-ranges":"none","transfer-encoding":"chunked"}
[debug] [2021-03-30T08:16:18.441Z] >>> HTTP REQUEST GET https://firebase.googleapis.com/v1beta1/projects/ib-resume  
 
[debug] [2021-03-30T08:16:19.048Z] <<< HTTP RESPONSE 200 {"content-type":"application/json; charset=UTF-8","vary":"X-Origin, Referer, Origin,Accept-Encoding","date":"Tue, 30 Mar 2021 08:16:18 GMT","server":"ESF","cache-control":"private","x-xss-protection":"0","x-frame-options":"SAMEORIGIN","x-content-type-options":"nosniff","alt-svc":"h3-29=\":443\"; ma=2592000,h3-T051=\":443\"; ma=2592000,h3-Q050=\":443\"; ma=2592000,h3-Q046=\":443\"; ma=2592000,h3-Q043=\":443\"; ma=2592000,quic=\":443\"; ma=2592000; v=\"46,43\"","accept-ranges":"none","transfer-encoding":"chunked"}
[info] 
[info] === Deploying to 'ib-resume'...
[info] 
[info] i  deploying hosting 
[debug] [2021-03-30T08:16:19.056Z] >>> HTTP REQUEST POST https://firebasehosting.googleapis.com/v1beta1/sites/ib-resume/versions  
 {"config":{"rewrites":[{"glob":"**","path":"/index.html"}]},"labels":{"deployment-tool":"cli-firebase"}}
[debug] [2021-03-30T08:16:21.199Z] <<< HTTP RESPONSE 200 {"content-type":"application/json; charset=UTF-8","vary":"X-Origin, Referer, Origin,Accept-Encoding","date":"Tue, 30 Mar 2021 08:16:20 GMT","server":"ESF","cache-control":"private","x-xss-protection":"0","x-frame-options":"SAMEORIGIN","x-content-type-options":"nosniff","alt-svc":"h3-29=\":443\"; ma=2592000,h3-T051=\":443\"; ma=2592000,h3-Q050=\":443\"; ma=2592000,h3-Q046=\":443\"; ma=2592000,h3-Q043=\":443\"; ma=2592000,quic=\":443\"; ma=2592000; v=\"46,43\"","accept-ranges":"none","transfer-encoding":"chunked"}
[info] i  hosting[ib-resume]: beginning deploy... 
[info] i  hosting[ib-resume]: found 31 files in build 
[debug] [2021-03-30T08:16:21.754Z] [hosting] hash cache [YnVpbGQ] stored for 31 files
[debug] [2021-03-30T08:16:21.754Z] [hosting][hash queue][FINAL] {"max":522,"min":53,"avg":107.03225806451613,"active":0,"complete":31,"success":31,"errored":0,"retried":0,"total":31,"elapsed":529}
[debug] [2021-03-30T08:16:21.754Z] >>> HTTP REQUEST POST https://firebasehosting.googleapis.com/v1beta1/sites/ib-resume/versions/95d5c16fba69fd86:populateFiles  
 <request body omitted>
[debug] [2021-03-30T08:16:23.656Z] <<< HTTP RESPONSE 200 {"content-type":"application/json; charset=UTF-8","vary":"X-Origin, Referer, Origin,Accept-Encoding","date":"Tue, 30 Mar 2021 08:16:23 GMT","server":"ESF","cache-control":"private","x-xss-protection":"0","x-frame-options":"SAMEORIGIN","x-content-type-options":"nosniff","alt-svc":"h3-29=\":443\"; ma=2592000,h3-T051=\":443\"; ma=2592000,h3-Q050=\":443\"; ma=2592000,h3-Q046=\":443\"; ma=2592000,h3-Q043=\":443\"; ma=2592000,quic=\":443\"; ma=2592000; v=\"46,43\"","accept-ranges":"none","transfer-encoding":"chunked"}
[debug] [2021-03-30T08:16:23.662Z] [hosting][populate queue][FINAL] {"max":1906,"min":1906,"avg":1906,"active":0,"complete":1,"success":1,"errored":0,"retried":0,"total":1,"elapsed":1910}
[debug] [2021-03-30T08:16:23.662Z] [hosting] uploads queued: 5
